<?xml version="1.0" encoding="UTF-8"?>
<!-- Generated by org.testng.reporters.JUnitXMLReporter -->
<testsuite hostname="PUNM0973" ignored="0" name="BankingApp Test" tests="5" failures="0" timestamp="10 Aug 2019 10:06:27 GMT" time="108.631" errors="0">
  <testcase name="loginTest" time="2.921" classname="testCases.CustomerModuleTests"/>
  <testcase name="linkCountTest" time="5.305" classname="testCases.CustomerModuleTests"/>
  <testcase name="addNewCustomer" time="23.061" classname="testCases.CustomerModuleTests"/>
  <testcase name="editCustomer" time="14.129" classname="testCases.CustomerModuleTests"/>
  <testcase name="addNewAccount" time="9.15" classname="testCases.AccountModuleTest"/>
</testsuite> <!-- BankingApp Test -->
